d:\vs2013\text\c\8 19\8 19\debug\vc120.pdb
d:\vs2013\text\c\8 19\8 19\debug\vc120.idb
d:\vs2013\text\c\8 19\8 19\debug\text.obj
d:\vs2013\text\c\8 19\8 19\debug\game.obj
e:\c\8 19\8 19\debug\vc142.pdb
e:\c\8 19\8 19\debug\vc142.idb
e:\c\8 19\8 19\debug\text.obj
e:\c\8 19\8 19\debug\game.obj
d:\vs2013\text\c\8 19\debug\8 19.ilk
d:\vs2013\text\c\8 19\debug\8 19.exe
d:\vs2013\text\c\8 19\debug\8 19.pdb
e:\c\8 19\debug\8 19.ilk
e:\c\8 19\debug\8 19.exe
e:\c\8 19\debug\8 19.pdb
e:\c\8 19\8 19\debug\vc120.idb
e:\c\8 19\8 19\debug\vc120.pdb
e:\c\8 19\8 19\debug\8 19.tlog\cl.command.1.tlog
e:\c\8 19\8 19\debug\8 19.tlog\cl.read.1.tlog
e:\c\8 19\8 19\debug\8 19.tlog\cl.write.1.tlog
e:\c\8 19\8 19\debug\8 19.tlog\link.command.1.tlog
e:\c\8 19\8 19\debug\8 19.tlog\link.delete.1.tlog
e:\c\8 19\8 19\debug\8 19.tlog\link.read.1.tlog
e:\c\8 19\8 19\debug\8 19.tlog\link.write.1.tlog
